<?xml version="1.0" encoding="UTF-8"?>
<testsuite xmlns:xsi="http://www.w3.org/2001/XMLSchema-instance" xsi:noNamespaceSchemaLocation="https://maven.apache.org/surefire/maven-surefire-plugin/xsd/surefire-test-report-3.0.xsd" version="3.0" name="war.AppTest" time="0.045" tests="1" errors="0" skipped="0" failures="0">
  <properties>
    <property name="gopherProxySet" value="false"/>
    <property name="awt.toolkit" value="sun.lwawt.macosx.LWCToolkit"/>
    <property name="java.specification.version" value="11"/>
    <property name="sun.cpu.isalist" value=""/>
    <property name="sun.jnu.encoding" value="UTF-8"/>
    <property name="java.class.path" value="/Users/takehiko/git/camel_sample/camel_sample_camel/target/test-classes:/Users/takehiko/git/camel_sample/camel_sample_camel/target/classes:/Users/takehiko/.m2/repository/junit/junit/3.8.1/junit-3.8.1.jar:/Users/takehiko/.m2/repository/org/apache/camel/camel-core/3.20.2/camel-core-3.20.2.jar:/Users/takehiko/.m2/repository/org/apache/camel/camel-core-languages/3.20.2/camel-core-languages-3.20.2.jar:/Users/takehiko/.m2/repository/org/apache/camel/camel-core-model/3.20.2/camel-core-model-3.20.2.jar:/Users/takehiko/.m2/repository/org/apache/camel/camel-browse/3.20.2/camel-browse-3.20.2.jar:/Users/takehiko/.m2/repository/org/apache/camel/camel-cluster/3.20.2/camel-cluster-3.20.2.jar:/Users/takehiko/.m2/repository/org/apache/camel/camel-controlbus/3.20.2/camel-controlbus-3.20.2.jar:/Users/takehiko/.m2/repository/org/apache/camel/camel-dataformat/3.20.2/camel-dataformat-3.20.2.jar:/Users/takehiko/.m2/repository/org/apache/camel/camel-dataset/3.20.2/camel-dataset-3.20.2.jar:/Users/takehiko/.m2/repository/org/apache/camel/camel-direct/3.20.2/camel-direct-3.20.2.jar:/Users/takehiko/.m2/repository/org/apache/camel/camel-directvm/3.20.2/camel-directvm-3.20.2.jar:/Users/takehiko/.m2/repository/org/apache/camel/camel-file/3.20.2/camel-file-3.20.2.jar:/Users/takehiko/.m2/repository/org/apache/camel/camel-health/3.20.2/camel-health-3.20.2.jar:/Users/takehiko/.m2/repository/org/apache/camel/camel-language/3.20.2/camel-language-3.20.2.jar:/Users/takehiko/.m2/repository/org/apache/camel/camel-mock/3.20.2/camel-mock-3.20.2.jar:/Users/takehiko/.m2/repository/org/apache/camel/camel-ref/3.20.2/camel-ref-3.20.2.jar:/Users/takehiko/.m2/repository/org/apache/camel/camel-saga/3.20.2/camel-saga-3.20.2.jar:/Users/takehiko/.m2/repository/org/apache/camel/camel-scheduler/3.20.2/camel-scheduler-3.20.2.jar:/Users/takehiko/.m2/repository/org/apache/camel/camel-seda/3.20.2/camel-seda-3.20.2.jar:/Users/takehiko/.m2/repository/org/apache/camel/camel-stub/3.20.2/camel-stub-3.20.2.jar:/Users/takehiko/.m2/repository/org/apache/camel/camel-timer/3.20.2/camel-timer-3.20.2.jar:/Users/takehiko/.m2/repository/org/apache/camel/camel-validator/3.20.2/camel-validator-3.20.2.jar:/Users/takehiko/.m2/repository/org/apache/camel/camel-vm/3.20.2/camel-vm-3.20.2.jar:/Users/takehiko/.m2/repository/org/apache/camel/camel-xpath/3.20.2/camel-xpath-3.20.2.jar:/Users/takehiko/.m2/repository/org/apache/camel/camel-xslt/3.20.2/camel-xslt-3.20.2.jar:/Users/takehiko/.m2/repository/org/apache/camel/camel-xml-jaxb/3.20.2/camel-xml-jaxb-3.20.2.jar:/Users/takehiko/.m2/repository/com/sun/xml/bind/jaxb-core/2.3.0/jaxb-core-2.3.0.jar:/Users/takehiko/.m2/repository/com/sun/xml/bind/jaxb-impl/2.3.3/jaxb-impl-2.3.3.jar:/Users/takehiko/.m2/repository/org/apache/camel/camel-xml-jaxp/3.20.2/camel-xml-jaxp-3.20.2.jar:/Users/takehiko/.m2/repository/org/apache/camel/camel-xml-io-util/3.20.2/camel-xml-io-util-3.20.2.jar:/Users/takehiko/.m2/repository/org/apache/camel/camel-core-engine/3.20.2/camel-core-engine-3.20.2.jar:/Users/takehiko/.m2/repository/org/apache/camel/camel-base-engine/3.20.2/camel-base-engine-3.20.2.jar:/Users/takehiko/.m2/repository/org/apache/camel/camel-core-reifier/3.20.2/camel-core-reifier-3.20.2.jar:/Users/takehiko/.m2/repository/org/apache/camel/camel-core-processor/3.20.2/camel-core-processor-3.20.2.jar:/Users/takehiko/.m2/repository/org/apache/camel/camel-management-api/3.20.2/camel-management-api-3.20.2.jar:/Users/takehiko/.m2/repository/org/apache/camel/camel-util/3.20.2/camel-util-3.20.2.jar:/Users/takehiko/.m2/repository/org/apache/camel/camel-main/3.20.2/camel-main-3.20.2.jar:/Users/takehiko/.m2/repository/org/apache/camel/camel-base/3.20.2/camel-base-3.20.2.jar:/Users/takehiko/.m2/repository/org/apache/camel/camel-api/3.20.2/camel-api-3.20.2.jar:/Users/takehiko/.m2/repository/jakarta/xml/bind/jakarta.xml.bind-api/2.3.3/jakarta.xml.bind-api-2.3.3.jar:/Users/takehiko/.m2/repository/jakarta/activation/jakarta.activation-api/1.2.2/jakarta.activation-api-1.2.2.jar:/Users/takehiko/.m2/repository/org/apache/camel/camel-stream/3.20.2/camel-stream-3.20.2.jar:/Users/takehiko/.m2/repository/org/apache/camel/camel-rest/3.20.2/camel-rest-3.20.2.jar:/Users/takehiko/.m2/repository/org/apache/camel/camel-tooling-model/3.20.2/camel-tooling-model-3.20.2.jar:/Users/takehiko/.m2/repository/org/apache/camel/camel-util-json/3.20.2/camel-util-json-3.20.2.jar:/Users/takehiko/.m2/repository/org/apache/camel/camel-bean/3.20.2/camel-bean-3.20.2.jar:/Users/takehiko/.m2/repository/org/apache/camel/camel-log/3.20.2/camel-log-3.20.2.jar:/Users/takehiko/.m2/repository/org/apache/camel/camel-endpointdsl/3.20.2/camel-endpointdsl-3.20.2.jar:/Users/takehiko/.m2/repository/org/apache/camel/camel-netty-http/3.20.2/camel-netty-http-3.20.2.jar:/Users/takehiko/.m2/repository/org/apache/camel/camel-netty/3.20.2/camel-netty-3.20.2.jar:/Users/takehiko/.m2/repository/org/apache/commons/commons-pool2/2.11.1/commons-pool2-2.11.1.jar:/Users/takehiko/.m2/repository/io/netty/netty-buffer/4.1.87.Final/netty-buffer-4.1.87.Final.jar:/Users/takehiko/.m2/repository/io/netty/netty-codec/4.1.87.Final/netty-codec-4.1.87.Final.jar:/Users/takehiko/.m2/repository/io/netty/netty-common/4.1.87.Final/netty-common-4.1.87.Final.jar:/Users/takehiko/.m2/repository/io/netty/netty-handler/4.1.87.Final/netty-handler-4.1.87.Final.jar:/Users/takehiko/.m2/repository/io/netty/netty-resolver/4.1.87.Final/netty-resolver-4.1.87.Final.jar:/Users/takehiko/.m2/repository/io/netty/netty-transport/4.1.87.Final/netty-transport-4.1.87.Final.jar:/Users/takehiko/.m2/repository/io/netty/netty-transport-native-epoll/4.1.87.Final/netty-transport-native-epoll-4.1.87.Final.jar:/Users/takehiko/.m2/repository/io/netty/netty-transport-classes-epoll/4.1.87.Final/netty-transport-classes-epoll-4.1.87.Final.jar:/Users/takehiko/.m2/repository/io/netty/netty-transport-native-unix-common/4.1.87.Final/netty-transport-native-unix-common-4.1.87.Final.jar:/Users/takehiko/.m2/repository/io/netty/netty-codec-http/4.1.87.Final/netty-codec-http-4.1.87.Final.jar:/Users/takehiko/.m2/repository/org/apache/camel/camel-http-base/3.20.2/camel-http-base-3.20.2.jar:/Users/takehiko/.m2/repository/org/apache/camel/camel-cloud/3.20.2/camel-cloud-3.20.2.jar:/Users/takehiko/.m2/repository/org/apache/camel/camel-undertow/3.20.2/camel-undertow-3.20.2.jar:/Users/takehiko/.m2/repository/org/apache/camel/camel-attachments/3.20.2/camel-attachments-3.20.2.jar:/Users/takehiko/.m2/repository/com/sun/activation/javax.activation/1.2.0/javax.activation-1.2.0.jar:/Users/takehiko/.m2/repository/io/undertow/undertow-core/2.2.22.Final/undertow-core-2.2.22.Final.jar:/Users/takehiko/.m2/repository/org/jboss/logging/jboss-logging/3.4.1.Final/jboss-logging-3.4.1.Final.jar:/Users/takehiko/.m2/repository/org/jboss/xnio/xnio-api/3.8.7.Final/xnio-api-3.8.7.Final.jar:/Users/takehiko/.m2/repository/org/wildfly/common/wildfly-common/1.5.4.Final/wildfly-common-1.5.4.Final.jar:/Users/takehiko/.m2/repository/org/wildfly/client/wildfly-client-config/1.0.1.Final/wildfly-client-config-1.0.1.Final.jar:/Users/takehiko/.m2/repository/org/jboss/xnio/xnio-nio/3.8.7.Final/xnio-nio-3.8.7.Final.jar:/Users/takehiko/.m2/repository/org/jboss/threads/jboss-threads/3.1.0.Final/jboss-threads-3.1.0.Final.jar:/Users/takehiko/.m2/repository/io/undertow/undertow-servlet/2.2.22.Final/undertow-servlet-2.2.22.Final.jar:/Users/takehiko/.m2/repository/org/jboss/spec/javax/servlet/jboss-servlet-api_4.0_spec/2.0.0.Final/jboss-servlet-api_4.0_spec-2.0.0.Final.jar:/Users/takehiko/.m2/repository/org/jboss/spec/javax/annotation/jboss-annotations-api_1.3_spec/2.0.1.Final/jboss-annotations-api_1.3_spec-2.0.1.Final.jar:/Users/takehiko/.m2/repository/org/apache/camel/camel-servlet/3.20.2/camel-servlet-3.20.2.jar:/Users/takehiko/.m2/repository/org/apache/camel/camel-http-common/3.20.2/camel-http-common-3.20.2.jar:/Users/takehiko/.m2/repository/org/apache/camel/quarkus/camel-quarkus-platform-http/2.16.0/camel-quarkus-platform-http-2.16.0.jar:/Users/takehiko/.m2/repository/org/apache/camel/quarkus/camel-quarkus-core/2.16.0/camel-quarkus-core-2.16.0.jar:/Users/takehiko/.m2/repository/io/quarkus/quarkus-core/2.16.0.Final/quarkus-core-2.16.0.Final.jar:/Users/takehiko/.m2/repository/jakarta/annotation/jakarta.annotation-api/1.3.5/jakarta.annotation-api-1.3.5.jar:/Users/takehiko/.m2/repository/jakarta/enterprise/jakarta.enterprise.cdi-api/2.0.2/jakarta.enterprise.cdi-api-2.0.2.jar:/Users/takehiko/.m2/repository/jakarta/el/jakarta.el-api/3.0.3/jakarta.el-api-3.0.3.jar:/Users/takehiko/.m2/repository/jakarta/interceptor/jakarta.interceptor-api/1.2.5/jakarta.interceptor-api-1.2.5.jar:/Users/takehiko/.m2/repository/jakarta/ejb/jakarta.ejb-api/3.2.6/jakarta.ejb-api-3.2.6.jar:/Users/takehiko/.m2/repository/jakarta/inject/jakarta.inject-api/1.0/jakarta.inject-api-1.0.jar:/Users/takehiko/.m2/repository/io/quarkus/quarkus-ide-launcher/2.16.0.Final/quarkus-ide-launcher-2.16.0.Final.jar:/Users/takehiko/.m2/repository/io/smallrye/config/smallrye-config/2.13.1/smallrye-config-2.13.1.jar:/Users/takehiko/.m2/repository/io/smallrye/config/smallrye-config-core/2.13.1/smallrye-config-core-2.13.1.jar:/Users/takehiko/.m2/repository/io/smallrye/common/smallrye-common-expression/1.13.2/smallrye-common-expression-1.13.2.jar:/Users/takehiko/.m2/repository/io/smallrye/common/smallrye-common-function/1.13.2/smallrye-common-function-1.13.2.jar:/Users/takehiko/.m2/repository/io/smallrye/common/smallrye-common-classloader/1.13.2/smallrye-common-classloader-1.13.2.jar:/Users/takehiko/.m2/repository/org/ow2/asm/asm/9.4/asm-9.4.jar:/Users/takehiko/.m2/repository/io/smallrye/config/smallrye-config-common/2.13.1/smallrye-config-common-2.13.1.jar:/Users/takehiko/.m2/repository/org/jboss/logmanager/jboss-logmanager-embedded/1.0.11/jboss-logmanager-embedded-1.0.11.jar:/Users/takehiko/.m2/repository/org/jboss/logging/jboss-logging-annotations/2.2.1.Final/jboss-logging-annotations-2.2.1.Final.jar:/Users/takehiko/.m2/repository/org/jboss/slf4j/slf4j-jboss-logmanager/1.2.0.Final/slf4j-jboss-logmanager-1.2.0.Final.jar:/Users/takehiko/.m2/repository/org/graalvm/sdk/graal-sdk/22.3.0/graal-sdk-22.3.0.jar:/Users/takehiko/.m2/repository/io/quarkus/quarkus-bootstrap-runner/2.16.0.Final/quarkus-bootstrap-runner-2.16.0.Final.jar:/Users/takehiko/.m2/repository/io/smallrye/common/smallrye-common-io/1.13.2/smallrye-common-io-1.13.2.jar:/Users/takehiko/.m2/repository/io/quarkus/quarkus-fs-util/0.0.9/quarkus-fs-util-0.0.9.jar:/Users/takehiko/.m2/repository/io/quarkus/quarkus-arc/2.16.0.Final/quarkus-arc-2.16.0.Final.jar:/Users/takehiko/.m2/repository/io/quarkus/arc/arc/2.16.0.Final/arc-2.16.0.Final.jar:/Users/takehiko/.m2/repository/jakarta/transaction/jakarta.transaction-api/1.3.3/jakarta.transaction-api-1.3.3.jar:/Users/takehiko/.m2/repository/org/eclipse/microprofile/context-propagation/microprofile-context-propagation-api/1.2/microprofile-context-propagation-api-1.2.jar:/Users/takehiko/.m2/repository/io/quarkus/quarkus-development-mode-spi/2.16.0.Final/quarkus-development-mode-spi-2.16.0.Final.jar:/Users/takehiko/.m2/repository/org/apache/camel/camel-componentdsl/3.20.1/camel-componentdsl-3.20.1.jar:/Users/takehiko/.m2/repository/org/apache/camel/camel-core-catalog/3.20.1/camel-core-catalog-3.20.1.jar:/Users/takehiko/.m2/repository/org/apache/camel/camel-microprofile-config/3.20.1/camel-microprofile-config-3.20.1.jar:/Users/takehiko/.m2/repository/org/eclipse/microprofile/config/microprofile-config-api/2.0.1/microprofile-config-api-2.0.1.jar:/Users/takehiko/.m2/repository/org/jboss/spec/javax/xml/bind/jboss-jaxb-api_2.3_spec/2.0.0.Final/jboss-jaxb-api_2.3_spec-2.0.0.Final.jar:/Users/takehiko/.m2/repository/org/apache/camel/quarkus/camel-quarkus-attachments/2.16.0/camel-quarkus-attachments-2.16.0.jar:/Users/takehiko/.m2/repository/com/sun/activation/jakarta.activation/1.2.1/jakarta.activation-1.2.1.jar:/Users/takehiko/.m2/repository/org/apache/camel/camel-platform-http-vertx/3.20.1/camel-platform-http-vertx-3.20.1.jar:/Users/takehiko/.m2/repository/org/apache/camel/camel-platform-http/3.20.1/camel-platform-http-3.20.1.jar:/Users/takehiko/.m2/repository/org/apache/camel/camel-vertx-common/3.20.1/camel-vertx-common-3.20.1.jar:/Users/takehiko/.m2/repository/io/vertx/vertx-core/4.3.6/vertx-core-4.3.6.jar:/Users/takehiko/.m2/repository/io/netty/netty-handler-proxy/4.1.85.Final/netty-handler-proxy-4.1.85.Final.jar:/Users/takehiko/.m2/repository/io/netty/netty-codec-socks/4.1.85.Final/netty-codec-socks-4.1.85.Final.jar:/Users/takehiko/.m2/repository/io/netty/netty-codec-http2/4.1.85.Final/netty-codec-http2-4.1.85.Final.jar:/Users/takehiko/.m2/repository/io/netty/netty-resolver-dns/4.1.85.Final/netty-resolver-dns-4.1.85.Final.jar:/Users/takehiko/.m2/repository/io/netty/netty-codec-dns/4.1.85.Final/netty-codec-dns-4.1.85.Final.jar:/Users/takehiko/.m2/repository/io/vertx/vertx-web/4.3.6/vertx-web-4.3.6.jar:/Users/takehiko/.m2/repository/io/vertx/vertx-web-common/4.3.6/vertx-web-common-4.3.6.jar:/Users/takehiko/.m2/repository/io/vertx/vertx-auth-common/4.3.6/vertx-auth-common-4.3.6.jar:/Users/takehiko/.m2/repository/io/vertx/vertx-bridge-common/4.3.6/vertx-bridge-common-4.3.6.jar:/Users/takehiko/.m2/repository/io/quarkus/quarkus-vertx-http/2.16.0.Final/quarkus-vertx-http-2.16.0.Final.jar:/Users/takehiko/.m2/repository/io/quarkus/quarkus-security-runtime-spi/2.16.0.Final/quarkus-security-runtime-spi-2.16.0.Final.jar:/Users/takehiko/.m2/repository/io/quarkus/quarkus-credentials/2.16.0.Final/quarkus-credentials-2.16.0.Final.jar:/Users/takehiko/.m2/repository/io/quarkus/quarkus-mutiny/2.16.0.Final/quarkus-mutiny-2.16.0.Final.jar:/Users/takehiko/.m2/repository/io/smallrye/reactive/mutiny/1.8.0/mutiny-1.8.0.jar:/Users/takehiko/.m2/repository/org/reactivestreams/reactive-streams/1.0.4/reactive-streams-1.0.4.jar:/Users/takehiko/.m2/repository/io/quarkus/quarkus-smallrye-context-propagation/2.16.0.Final/quarkus-smallrye-context-propagation-2.16.0.Final.jar:/Users/takehiko/.m2/repository/io/smallrye/smallrye-context-propagation/1.2.2/smallrye-context-propagation-1.2.2.jar:/Users/takehiko/.m2/repository/io/smallrye/smallrye-context-propagation-api/1.2.2/smallrye-context-propagation-api-1.2.2.jar:/Users/takehiko/.m2/repository/io/smallrye/smallrye-context-propagation-storage/1.2.2/smallrye-context-propagation-storage-1.2.2.jar:/Users/takehiko/.m2/repository/io/smallrye/reactive/mutiny-smallrye-context-propagation/1.8.0/mutiny-smallrye-context-propagation-1.8.0.jar:/Users/takehiko/.m2/repository/io/smallrye/common/smallrye-common-vertx-context/1.13.2/smallrye-common-vertx-context-1.13.2.jar:/Users/takehiko/.m2/repository/io/smallrye/common/smallrye-common-constraint/1.13.2/smallrye-common-constraint-1.13.2.jar:/Users/takehiko/.m2/repository/io/quarkus/quarkus-vertx-http-dev-console-runtime-spi/2.16.0.Final/quarkus-vertx-http-dev-console-runtime-spi-2.16.0.Final.jar:/Users/takehiko/.m2/repository/io/quarkus/security/quarkus-security/1.1.4.Final/quarkus-security-1.1.4.Final.jar:/Users/takehiko/.m2/repository/io/quarkus/quarkus-vertx/2.16.0.Final/quarkus-vertx-2.16.0.Final.jar:/Users/takehiko/.m2/repository/io/quarkus/quarkus-netty/2.16.0.Final/quarkus-netty-2.16.0.Final.jar:/Users/takehiko/.m2/repository/com/aayushatharva/brotli4j/brotli4j/1.7.1/brotli4j-1.7.1.jar:/Users/takehiko/.m2/repository/com/aayushatharva/brotli4j/native-osx-x86_64/1.7.1/native-osx-x86_64-1.7.1.jar:/Users/takehiko/.m2/repository/io/netty/netty-codec-haproxy/4.1.86.Final/netty-codec-haproxy-4.1.86.Final.jar:/Users/takehiko/.m2/repository/io/smallrye/common/smallrye-common-annotation/1.13.2/smallrye-common-annotation-1.13.2.jar:/Users/takehiko/.m2/repository/io/quarkus/quarkus-vertx-latebound-mdc-provider/2.16.0.Final/quarkus-vertx-latebound-mdc-provider-2.16.0.Final.jar:/Users/takehiko/.m2/repository/io/smallrye/reactive/smallrye-mutiny-vertx-core/2.30.1/smallrye-mutiny-vertx-core-2.30.1.jar:/Users/takehiko/.m2/repository/io/smallrye/reactive/smallrye-mutiny-vertx-runtime/2.30.1/smallrye-mutiny-vertx-runtime-2.30.1.jar:/Users/takehiko/.m2/repository/io/smallrye/reactive/vertx-mutiny-generator/2.30.1/vertx-mutiny-generator-2.30.1.jar:/Users/takehiko/.m2/repository/io/vertx/vertx-codegen/4.3.6/vertx-codegen-4.3.6.jar:/Users/takehiko/.m2/repository/io/smallrye/smallrye-fault-tolerance-vertx/5.6.0/smallrye-fault-tolerance-vertx-5.6.0.jar:/Users/takehiko/.m2/repository/io/smallrye/reactive/smallrye-mutiny-vertx-web/2.30.1/smallrye-mutiny-vertx-web-2.30.1.jar:/Users/takehiko/.m2/repository/io/smallrye/reactive/smallrye-mutiny-vertx-web-common/2.30.1/smallrye-mutiny-vertx-web-common-2.30.1.jar:/Users/takehiko/.m2/repository/io/smallrye/reactive/smallrye-mutiny-vertx-auth-common/2.30.1/smallrye-mutiny-vertx-auth-common-2.30.1.jar:/Users/takehiko/.m2/repository/io/smallrye/reactive/smallrye-mutiny-vertx-bridge-common/2.30.1/smallrye-mutiny-vertx-bridge-common-2.30.1.jar:/Users/takehiko/.m2/repository/io/smallrye/reactive/smallrye-mutiny-vertx-uri-template/2.30.1/smallrye-mutiny-vertx-uri-template-2.30.1.jar:/Users/takehiko/.m2/repository/io/vertx/vertx-uri-template/4.3.6/vertx-uri-template-4.3.6.jar:/Users/takehiko/.m2/repository/io/github/crac/org-crac/0.1.3/org-crac-0.1.3.jar:/Users/takehiko/.m2/repository/org/apache/camel/quarkus/camel-quarkus-http/2.16.0/camel-quarkus-http-2.16.0.jar:/Users/takehiko/.m2/repository/org/apache/camel/quarkus/camel-quarkus-http-common/2.16.0/camel-quarkus-http-common-2.16.0.jar:/Users/takehiko/.m2/repository/org/apache/camel/quarkus/camel-quarkus-core-cloud/2.16.0/camel-quarkus-core-cloud-2.16.0.jar:/Users/takehiko/.m2/repository/jakarta/servlet/jakarta.servlet-api/4.0.3/jakarta.servlet-api-4.0.3.jar:/Users/takehiko/.m2/repository/org/apache/camel/quarkus/camel-quarkus-support-httpclient/2.16.0/camel-quarkus-support-httpclient-2.16.0.jar:/Users/takehiko/.m2/repository/io/quarkus/quarkus-apache-httpclient/2.16.0.Final/quarkus-apache-httpclient-2.16.0.Final.jar:/Users/takehiko/.m2/repository/org/jboss/logging/commons-logging-jboss-logging/1.0.0.Final/commons-logging-jboss-logging-1.0.0.Final.jar:/Users/takehiko/.m2/repository/org/apache/camel/quarkus/camel-quarkus-support-commons-logging/2.16.0/camel-quarkus-support-commons-logging-2.16.0.jar:/Users/takehiko/.m2/repository/org/apache/httpcomponents/httpclient/4.5.14/httpclient-4.5.14.jar:/Users/takehiko/.m2/repository/org/apache/httpcomponents/httpcore/4.4.16/httpcore-4.4.16.jar:/Users/takehiko/.m2/repository/commons-codec/commons-codec/1.11/commons-codec-1.11.jar:/Users/takehiko/.m2/repository/org/apache/camel/camel-http/3.20.1/camel-http-3.20.1.jar:/Users/takehiko/.m2/repository/javax/annotation/javax.annotation-api/1.3.2/javax.annotation-api-1.3.2.jar:/Users/takehiko/.m2/repository/org/apache/camel/camel-support/3.20.2/camel-support-3.20.2.jar:/Users/takehiko/.m2/repository/org/slf4j/slf4j-api/2.0.6/slf4j-api-2.0.6.jar:/Users/takehiko/.m2/repository/org/slf4j/slf4j-nop/2.0.6/slf4j-nop-2.0.6.jar:/Users/takehiko/.m2/repository/org/slf4j/slf4j-simple/2.0.6/slf4j-simple-2.0.6.jar:/Users/takehiko/.m2/repository/com/fasterxml/jackson/core/jackson-core/2.14.2/jackson-core-2.14.2.jar:/Users/takehiko/.m2/repository/com/fasterxml/jackson/core/jackson-databind/2.14.2/jackson-databind-2.14.2.jar:/Users/takehiko/.m2/repository/com/fasterxml/jackson/core/jackson-annotations/2.14.2/jackson-annotations-2.14.2.jar:/Users/takehiko/.m2/repository/org/projectlombok/lombok/1.18.26/lombok-1.18.26.jar:"/>
    <property name="java.vm.vendor" value="Homebrew"/>
    <property name="sun.arch.data.model" value="64"/>
    <property name="java.vendor.url" value="https://github.com/Homebrew/homebrew-core/issues"/>
    <property name="user.timezone" value=""/>
    <property name="java.vm.specification.version" value="11"/>
    <property name="os.name" value="Mac OS X"/>
    <property name="sun.java.launcher" value="SUN_STANDARD"/>
    <property name="user.country" value="JP"/>
    <property name="sun.boot.library.path" value="/usr/local/Cellar/openjdk@11/11.0.18/libexec/openjdk.jdk/Contents/Home/lib"/>
    <property name="sun.java.command" value="/Users/takehiko/git/camel_sample/camel_sample_camel/target/surefire/surefirebooter-20230228183431579_3.jar /Users/takehiko/git/camel_sample/camel_sample_camel/target/surefire 2023-02-28T18-34-31_105-jvmRun1 surefire-20230228183431579_1tmp surefire_0-20230228183431579_2tmp"/>
    <property name="http.nonProxyHosts" value="local|*.local|169.254/16|*.169.254/16"/>
    <property name="jdk.debug" value="release"/>
    <property name="surefire.test.class.path" value="/Users/takehiko/git/camel_sample/camel_sample_camel/target/test-classes:/Users/takehiko/git/camel_sample/camel_sample_camel/target/classes:/Users/takehiko/.m2/repository/junit/junit/3.8.1/junit-3.8.1.jar:/Users/takehiko/.m2/repository/org/apache/camel/camel-core/3.20.2/camel-core-3.20.2.jar:/Users/takehiko/.m2/repository/org/apache/camel/camel-core-languages/3.20.2/camel-core-languages-3.20.2.jar:/Users/takehiko/.m2/repository/org/apache/camel/camel-core-model/3.20.2/camel-core-model-3.20.2.jar:/Users/takehiko/.m2/repository/org/apache/camel/camel-browse/3.20.2/camel-browse-3.20.2.jar:/Users/takehiko/.m2/repository/org/apache/camel/camel-cluster/3.20.2/camel-cluster-3.20.2.jar:/Users/takehiko/.m2/repository/org/apache/camel/camel-controlbus/3.20.2/camel-controlbus-3.20.2.jar:/Users/takehiko/.m2/repository/org/apache/camel/camel-dataformat/3.20.2/camel-dataformat-3.20.2.jar:/Users/takehiko/.m2/repository/org/apache/camel/camel-dataset/3.20.2/camel-dataset-3.20.2.jar:/Users/takehiko/.m2/repository/org/apache/camel/camel-direct/3.20.2/camel-direct-3.20.2.jar:/Users/takehiko/.m2/repository/org/apache/camel/camel-directvm/3.20.2/camel-directvm-3.20.2.jar:/Users/takehiko/.m2/repository/org/apache/camel/camel-file/3.20.2/camel-file-3.20.2.jar:/Users/takehiko/.m2/repository/org/apache/camel/camel-health/3.20.2/camel-health-3.20.2.jar:/Users/takehiko/.m2/repository/org/apache/camel/camel-language/3.20.2/camel-language-3.20.2.jar:/Users/takehiko/.m2/repository/org/apache/camel/camel-mock/3.20.2/camel-mock-3.20.2.jar:/Users/takehiko/.m2/repository/org/apache/camel/camel-ref/3.20.2/camel-ref-3.20.2.jar:/Users/takehiko/.m2/repository/org/apache/camel/camel-saga/3.20.2/camel-saga-3.20.2.jar:/Users/takehiko/.m2/repository/org/apache/camel/camel-scheduler/3.20.2/camel-scheduler-3.20.2.jar:/Users/takehiko/.m2/repository/org/apache/camel/camel-seda/3.20.2/camel-seda-3.20.2.jar:/Users/takehiko/.m2/repository/org/apache/camel/camel-stub/3.20.2/camel-stub-3.20.2.jar:/Users/takehiko/.m2/repository/org/apache/camel/camel-timer/3.20.2/camel-timer-3.20.2.jar:/Users/takehiko/.m2/repository/org/apache/camel/camel-validator/3.20.2/camel-validator-3.20.2.jar:/Users/takehiko/.m2/repository/org/apache/camel/camel-vm/3.20.2/camel-vm-3.20.2.jar:/Users/takehiko/.m2/repository/org/apache/camel/camel-xpath/3.20.2/camel-xpath-3.20.2.jar:/Users/takehiko/.m2/repository/org/apache/camel/camel-xslt/3.20.2/camel-xslt-3.20.2.jar:/Users/takehiko/.m2/repository/org/apache/camel/camel-xml-jaxb/3.20.2/camel-xml-jaxb-3.20.2.jar:/Users/takehiko/.m2/repository/com/sun/xml/bind/jaxb-core/2.3.0/jaxb-core-2.3.0.jar:/Users/takehiko/.m2/repository/com/sun/xml/bind/jaxb-impl/2.3.3/jaxb-impl-2.3.3.jar:/Users/takehiko/.m2/repository/org/apache/camel/camel-xml-jaxp/3.20.2/camel-xml-jaxp-3.20.2.jar:/Users/takehiko/.m2/repository/org/apache/camel/camel-xml-io-util/3.20.2/camel-xml-io-util-3.20.2.jar:/Users/takehiko/.m2/repository/org/apache/camel/camel-core-engine/3.20.2/camel-core-engine-3.20.2.jar:/Users/takehiko/.m2/repository/org/apache/camel/camel-base-engine/3.20.2/camel-base-engine-3.20.2.jar:/Users/takehiko/.m2/repository/org/apache/camel/camel-core-reifier/3.20.2/camel-core-reifier-3.20.2.jar:/Users/takehiko/.m2/repository/org/apache/camel/camel-core-processor/3.20.2/camel-core-processor-3.20.2.jar:/Users/takehiko/.m2/repository/org/apache/camel/camel-management-api/3.20.2/camel-management-api-3.20.2.jar:/Users/takehiko/.m2/repository/org/apache/camel/camel-util/3.20.2/camel-util-3.20.2.jar:/Users/takehiko/.m2/repository/org/apache/camel/camel-main/3.20.2/camel-main-3.20.2.jar:/Users/takehiko/.m2/repository/org/apache/camel/camel-base/3.20.2/camel-base-3.20.2.jar:/Users/takehiko/.m2/repository/org/apache/camel/camel-api/3.20.2/camel-api-3.20.2.jar:/Users/takehiko/.m2/repository/jakarta/xml/bind/jakarta.xml.bind-api/2.3.3/jakarta.xml.bind-api-2.3.3.jar:/Users/takehiko/.m2/repository/jakarta/activation/jakarta.activation-api/1.2.2/jakarta.activation-api-1.2.2.jar:/Users/takehiko/.m2/repository/org/apache/camel/camel-stream/3.20.2/camel-stream-3.20.2.jar:/Users/takehiko/.m2/repository/org/apache/camel/camel-rest/3.20.2/camel-rest-3.20.2.jar:/Users/takehiko/.m2/repository/org/apache/camel/camel-tooling-model/3.20.2/camel-tooling-model-3.20.2.jar:/Users/takehiko/.m2/repository/org/apache/camel/camel-util-json/3.20.2/camel-util-json-3.20.2.jar:/Users/takehiko/.m2/repository/org/apache/camel/camel-bean/3.20.2/camel-bean-3.20.2.jar:/Users/takehiko/.m2/repository/org/apache/camel/camel-log/3.20.2/camel-log-3.20.2.jar:/Users/takehiko/.m2/repository/org/apache/camel/camel-endpointdsl/3.20.2/camel-endpointdsl-3.20.2.jar:/Users/takehiko/.m2/repository/org/apache/camel/camel-netty-http/3.20.2/camel-netty-http-3.20.2.jar:/Users/takehiko/.m2/repository/org/apache/camel/camel-netty/3.20.2/camel-netty-3.20.2.jar:/Users/takehiko/.m2/repository/org/apache/commons/commons-pool2/2.11.1/commons-pool2-2.11.1.jar:/Users/takehiko/.m2/repository/io/netty/netty-buffer/4.1.87.Final/netty-buffer-4.1.87.Final.jar:/Users/takehiko/.m2/repository/io/netty/netty-codec/4.1.87.Final/netty-codec-4.1.87.Final.jar:/Users/takehiko/.m2/repository/io/netty/netty-common/4.1.87.Final/netty-common-4.1.87.Final.jar:/Users/takehiko/.m2/repository/io/netty/netty-handler/4.1.87.Final/netty-handler-4.1.87.Final.jar:/Users/takehiko/.m2/repository/io/netty/netty-resolver/4.1.87.Final/netty-resolver-4.1.87.Final.jar:/Users/takehiko/.m2/repository/io/netty/netty-transport/4.1.87.Final/netty-transport-4.1.87.Final.jar:/Users/takehiko/.m2/repository/io/netty/netty-transport-native-epoll/4.1.87.Final/netty-transport-native-epoll-4.1.87.Final.jar:/Users/takehiko/.m2/repository/io/netty/netty-transport-classes-epoll/4.1.87.Final/netty-transport-classes-epoll-4.1.87.Final.jar:/Users/takehiko/.m2/repository/io/netty/netty-transport-native-unix-common/4.1.87.Final/netty-transport-native-unix-common-4.1.87.Final.jar:/Users/takehiko/.m2/repository/io/netty/netty-codec-http/4.1.87.Final/netty-codec-http-4.1.87.Final.jar:/Users/takehiko/.m2/repository/org/apache/camel/camel-http-base/3.20.2/camel-http-base-3.20.2.jar:/Users/takehiko/.m2/repository/org/apache/camel/camel-cloud/3.20.2/camel-cloud-3.20.2.jar:/Users/takehiko/.m2/repository/org/apache/camel/camel-undertow/3.20.2/camel-undertow-3.20.2.jar:/Users/takehiko/.m2/repository/org/apache/camel/camel-attachments/3.20.2/camel-attachments-3.20.2.jar:/Users/takehiko/.m2/repository/com/sun/activation/javax.activation/1.2.0/javax.activation-1.2.0.jar:/Users/takehiko/.m2/repository/io/undertow/undertow-core/2.2.22.Final/undertow-core-2.2.22.Final.jar:/Users/takehiko/.m2/repository/org/jboss/logging/jboss-logging/3.4.1.Final/jboss-logging-3.4.1.Final.jar:/Users/takehiko/.m2/repository/org/jboss/xnio/xnio-api/3.8.7.Final/xnio-api-3.8.7.Final.jar:/Users/takehiko/.m2/repository/org/wildfly/common/wildfly-common/1.5.4.Final/wildfly-common-1.5.4.Final.jar:/Users/takehiko/.m2/repository/org/wildfly/client/wildfly-client-config/1.0.1.Final/wildfly-client-config-1.0.1.Final.jar:/Users/takehiko/.m2/repository/org/jboss/xnio/xnio-nio/3.8.7.Final/xnio-nio-3.8.7.Final.jar:/Users/takehiko/.m2/repository/org/jboss/threads/jboss-threads/3.1.0.Final/jboss-threads-3.1.0.Final.jar:/Users/takehiko/.m2/repository/io/undertow/undertow-servlet/2.2.22.Final/undertow-servlet-2.2.22.Final.jar:/Users/takehiko/.m2/repository/org/jboss/spec/javax/servlet/jboss-servlet-api_4.0_spec/2.0.0.Final/jboss-servlet-api_4.0_spec-2.0.0.Final.jar:/Users/takehiko/.m2/repository/org/jboss/spec/javax/annotation/jboss-annotations-api_1.3_spec/2.0.1.Final/jboss-annotations-api_1.3_spec-2.0.1.Final.jar:/Users/takehiko/.m2/repository/org/apache/camel/camel-servlet/3.20.2/camel-servlet-3.20.2.jar:/Users/takehiko/.m2/repository/org/apache/camel/camel-http-common/3.20.2/camel-http-common-3.20.2.jar:/Users/takehiko/.m2/repository/org/apache/camel/quarkus/camel-quarkus-platform-http/2.16.0/camel-quarkus-platform-http-2.16.0.jar:/Users/takehiko/.m2/repository/org/apache/camel/quarkus/camel-quarkus-core/2.16.0/camel-quarkus-core-2.16.0.jar:/Users/takehiko/.m2/repository/io/quarkus/quarkus-core/2.16.0.Final/quarkus-core-2.16.0.Final.jar:/Users/takehiko/.m2/repository/jakarta/annotation/jakarta.annotation-api/1.3.5/jakarta.annotation-api-1.3.5.jar:/Users/takehiko/.m2/repository/jakarta/enterprise/jakarta.enterprise.cdi-api/2.0.2/jakarta.enterprise.cdi-api-2.0.2.jar:/Users/takehiko/.m2/repository/jakarta/el/jakarta.el-api/3.0.3/jakarta.el-api-3.0.3.jar:/Users/takehiko/.m2/repository/jakarta/interceptor/jakarta.interceptor-api/1.2.5/jakarta.interceptor-api-1.2.5.jar:/Users/takehiko/.m2/repository/jakarta/ejb/jakarta.ejb-api/3.2.6/jakarta.ejb-api-3.2.6.jar:/Users/takehiko/.m2/repository/jakarta/inject/jakarta.inject-api/1.0/jakarta.inject-api-1.0.jar:/Users/takehiko/.m2/repository/io/quarkus/quarkus-ide-launcher/2.16.0.Final/quarkus-ide-launcher-2.16.0.Final.jar:/Users/takehiko/.m2/repository/io/smallrye/config/smallrye-config/2.13.1/smallrye-config-2.13.1.jar:/Users/takehiko/.m2/repository/io/smallrye/config/smallrye-config-core/2.13.1/smallrye-config-core-2.13.1.jar:/Users/takehiko/.m2/repository/io/smallrye/common/smallrye-common-expression/1.13.2/smallrye-common-expression-1.13.2.jar:/Users/takehiko/.m2/repository/io/smallrye/common/smallrye-common-function/1.13.2/smallrye-common-function-1.13.2.jar:/Users/takehiko/.m2/repository/io/smallrye/common/smallrye-common-classloader/1.13.2/smallrye-common-classloader-1.13.2.jar:/Users/takehiko/.m2/repository/org/ow2/asm/asm/9.4/asm-9.4.jar:/Users/takehiko/.m2/repository/io/smallrye/config/smallrye-config-common/2.13.1/smallrye-config-common-2.13.1.jar:/Users/takehiko/.m2/repository/org/jboss/logmanager/jboss-logmanager-embedded/1.0.11/jboss-logmanager-embedded-1.0.11.jar:/Users/takehiko/.m2/repository/org/jboss/logging/jboss-logging-annotations/2.2.1.Final/jboss-logging-annotations-2.2.1.Final.jar:/Users/takehiko/.m2/repository/org/jboss/slf4j/slf4j-jboss-logmanager/1.2.0.Final/slf4j-jboss-logmanager-1.2.0.Final.jar:/Users/takehiko/.m2/repository/org/graalvm/sdk/graal-sdk/22.3.0/graal-sdk-22.3.0.jar:/Users/takehiko/.m2/repository/io/quarkus/quarkus-bootstrap-runner/2.16.0.Final/quarkus-bootstrap-runner-2.16.0.Final.jar:/Users/takehiko/.m2/repository/io/smallrye/common/smallrye-common-io/1.13.2/smallrye-common-io-1.13.2.jar:/Users/takehiko/.m2/repository/io/quarkus/quarkus-fs-util/0.0.9/quarkus-fs-util-0.0.9.jar:/Users/takehiko/.m2/repository/io/quarkus/quarkus-arc/2.16.0.Final/quarkus-arc-2.16.0.Final.jar:/Users/takehiko/.m2/repository/io/quarkus/arc/arc/2.16.0.Final/arc-2.16.0.Final.jar:/Users/takehiko/.m2/repository/jakarta/transaction/jakarta.transaction-api/1.3.3/jakarta.transaction-api-1.3.3.jar:/Users/takehiko/.m2/repository/org/eclipse/microprofile/context-propagation/microprofile-context-propagation-api/1.2/microprofile-context-propagation-api-1.2.jar:/Users/takehiko/.m2/repository/io/quarkus/quarkus-development-mode-spi/2.16.0.Final/quarkus-development-mode-spi-2.16.0.Final.jar:/Users/takehiko/.m2/repository/org/apache/camel/camel-componentdsl/3.20.1/camel-componentdsl-3.20.1.jar:/Users/takehiko/.m2/repository/org/apache/camel/camel-core-catalog/3.20.1/camel-core-catalog-3.20.1.jar:/Users/takehiko/.m2/repository/org/apache/camel/camel-microprofile-config/3.20.1/camel-microprofile-config-3.20.1.jar:/Users/takehiko/.m2/repository/org/eclipse/microprofile/config/microprofile-config-api/2.0.1/microprofile-config-api-2.0.1.jar:/Users/takehiko/.m2/repository/org/jboss/spec/javax/xml/bind/jboss-jaxb-api_2.3_spec/2.0.0.Final/jboss-jaxb-api_2.3_spec-2.0.0.Final.jar:/Users/takehiko/.m2/repository/org/apache/camel/quarkus/camel-quarkus-attachments/2.16.0/camel-quarkus-attachments-2.16.0.jar:/Users/takehiko/.m2/repository/com/sun/activation/jakarta.activation/1.2.1/jakarta.activation-1.2.1.jar:/Users/takehiko/.m2/repository/org/apache/camel/camel-platform-http-vertx/3.20.1/camel-platform-http-vertx-3.20.1.jar:/Users/takehiko/.m2/repository/org/apache/camel/camel-platform-http/3.20.1/camel-platform-http-3.20.1.jar:/Users/takehiko/.m2/repository/org/apache/camel/camel-vertx-common/3.20.1/camel-vertx-common-3.20.1.jar:/Users/takehiko/.m2/repository/io/vertx/vertx-core/4.3.6/vertx-core-4.3.6.jar:/Users/takehiko/.m2/repository/io/netty/netty-handler-proxy/4.1.85.Final/netty-handler-proxy-4.1.85.Final.jar:/Users/takehiko/.m2/repository/io/netty/netty-codec-socks/4.1.85.Final/netty-codec-socks-4.1.85.Final.jar:/Users/takehiko/.m2/repository/io/netty/netty-codec-http2/4.1.85.Final/netty-codec-http2-4.1.85.Final.jar:/Users/takehiko/.m2/repository/io/netty/netty-resolver-dns/4.1.85.Final/netty-resolver-dns-4.1.85.Final.jar:/Users/takehiko/.m2/repository/io/netty/netty-codec-dns/4.1.85.Final/netty-codec-dns-4.1.85.Final.jar:/Users/takehiko/.m2/repository/io/vertx/vertx-web/4.3.6/vertx-web-4.3.6.jar:/Users/takehiko/.m2/repository/io/vertx/vertx-web-common/4.3.6/vertx-web-common-4.3.6.jar:/Users/takehiko/.m2/repository/io/vertx/vertx-auth-common/4.3.6/vertx-auth-common-4.3.6.jar:/Users/takehiko/.m2/repository/io/vertx/vertx-bridge-common/4.3.6/vertx-bridge-common-4.3.6.jar:/Users/takehiko/.m2/repository/io/quarkus/quarkus-vertx-http/2.16.0.Final/quarkus-vertx-http-2.16.0.Final.jar:/Users/takehiko/.m2/repository/io/quarkus/quarkus-security-runtime-spi/2.16.0.Final/quarkus-security-runtime-spi-2.16.0.Final.jar:/Users/takehiko/.m2/repository/io/quarkus/quarkus-credentials/2.16.0.Final/quarkus-credentials-2.16.0.Final.jar:/Users/takehiko/.m2/repository/io/quarkus/quarkus-mutiny/2.16.0.Final/quarkus-mutiny-2.16.0.Final.jar:/Users/takehiko/.m2/repository/io/smallrye/reactive/mutiny/1.8.0/mutiny-1.8.0.jar:/Users/takehiko/.m2/repository/org/reactivestreams/reactive-streams/1.0.4/reactive-streams-1.0.4.jar:/Users/takehiko/.m2/repository/io/quarkus/quarkus-smallrye-context-propagation/2.16.0.Final/quarkus-smallrye-context-propagation-2.16.0.Final.jar:/Users/takehiko/.m2/repository/io/smallrye/smallrye-context-propagation/1.2.2/smallrye-context-propagation-1.2.2.jar:/Users/takehiko/.m2/repository/io/smallrye/smallrye-context-propagation-api/1.2.2/smallrye-context-propagation-api-1.2.2.jar:/Users/takehiko/.m2/repository/io/smallrye/smallrye-context-propagation-storage/1.2.2/smallrye-context-propagation-storage-1.2.2.jar:/Users/takehiko/.m2/repository/io/smallrye/reactive/mutiny-smallrye-context-propagation/1.8.0/mutiny-smallrye-context-propagation-1.8.0.jar:/Users/takehiko/.m2/repository/io/smallrye/common/smallrye-common-vertx-context/1.13.2/smallrye-common-vertx-context-1.13.2.jar:/Users/takehiko/.m2/repository/io/smallrye/common/smallrye-common-constraint/1.13.2/smallrye-common-constraint-1.13.2.jar:/Users/takehiko/.m2/repository/io/quarkus/quarkus-vertx-http-dev-console-runtime-spi/2.16.0.Final/quarkus-vertx-http-dev-console-runtime-spi-2.16.0.Final.jar:/Users/takehiko/.m2/repository/io/quarkus/security/quarkus-security/1.1.4.Final/quarkus-security-1.1.4.Final.jar:/Users/takehiko/.m2/repository/io/quarkus/quarkus-vertx/2.16.0.Final/quarkus-vertx-2.16.0.Final.jar:/Users/takehiko/.m2/repository/io/quarkus/quarkus-netty/2.16.0.Final/quarkus-netty-2.16.0.Final.jar:/Users/takehiko/.m2/repository/com/aayushatharva/brotli4j/brotli4j/1.7.1/brotli4j-1.7.1.jar:/Users/takehiko/.m2/repository/com/aayushatharva/brotli4j/native-osx-x86_64/1.7.1/native-osx-x86_64-1.7.1.jar:/Users/takehiko/.m2/repository/io/netty/netty-codec-haproxy/4.1.86.Final/netty-codec-haproxy-4.1.86.Final.jar:/Users/takehiko/.m2/repository/io/smallrye/common/smallrye-common-annotation/1.13.2/smallrye-common-annotation-1.13.2.jar:/Users/takehiko/.m2/repository/io/quarkus/quarkus-vertx-latebound-mdc-provider/2.16.0.Final/quarkus-vertx-latebound-mdc-provider-2.16.0.Final.jar:/Users/takehiko/.m2/repository/io/smallrye/reactive/smallrye-mutiny-vertx-core/2.30.1/smallrye-mutiny-vertx-core-2.30.1.jar:/Users/takehiko/.m2/repository/io/smallrye/reactive/smallrye-mutiny-vertx-runtime/2.30.1/smallrye-mutiny-vertx-runtime-2.30.1.jar:/Users/takehiko/.m2/repository/io/smallrye/reactive/vertx-mutiny-generator/2.30.1/vertx-mutiny-generator-2.30.1.jar:/Users/takehiko/.m2/repository/io/vertx/vertx-codegen/4.3.6/vertx-codegen-4.3.6.jar:/Users/takehiko/.m2/repository/io/smallrye/smallrye-fault-tolerance-vertx/5.6.0/smallrye-fault-tolerance-vertx-5.6.0.jar:/Users/takehiko/.m2/repository/io/smallrye/reactive/smallrye-mutiny-vertx-web/2.30.1/smallrye-mutiny-vertx-web-2.30.1.jar:/Users/takehiko/.m2/repository/io/smallrye/reactive/smallrye-mutiny-vertx-web-common/2.30.1/smallrye-mutiny-vertx-web-common-2.30.1.jar:/Users/takehiko/.m2/repository/io/smallrye/reactive/smallrye-mutiny-vertx-auth-common/2.30.1/smallrye-mutiny-vertx-auth-common-2.30.1.jar:/Users/takehiko/.m2/repository/io/smallrye/reactive/smallrye-mutiny-vertx-bridge-common/2.30.1/smallrye-mutiny-vertx-bridge-common-2.30.1.jar:/Users/takehiko/.m2/repository/io/smallrye/reactive/smallrye-mutiny-vertx-uri-template/2.30.1/smallrye-mutiny-vertx-uri-template-2.30.1.jar:/Users/takehiko/.m2/repository/io/vertx/vertx-uri-template/4.3.6/vertx-uri-template-4.3.6.jar:/Users/takehiko/.m2/repository/io/github/crac/org-crac/0.1.3/org-crac-0.1.3.jar:/Users/takehiko/.m2/repository/org/apache/camel/quarkus/camel-quarkus-http/2.16.0/camel-quarkus-http-2.16.0.jar:/Users/takehiko/.m2/repository/org/apache/camel/quarkus/camel-quarkus-http-common/2.16.0/camel-quarkus-http-common-2.16.0.jar:/Users/takehiko/.m2/repository/org/apache/camel/quarkus/camel-quarkus-core-cloud/2.16.0/camel-quarkus-core-cloud-2.16.0.jar:/Users/takehiko/.m2/repository/jakarta/servlet/jakarta.servlet-api/4.0.3/jakarta.servlet-api-4.0.3.jar:/Users/takehiko/.m2/repository/org/apache/camel/quarkus/camel-quarkus-support-httpclient/2.16.0/camel-quarkus-support-httpclient-2.16.0.jar:/Users/takehiko/.m2/repository/io/quarkus/quarkus-apache-httpclient/2.16.0.Final/quarkus-apache-httpclient-2.16.0.Final.jar:/Users/takehiko/.m2/repository/org/jboss/logging/commons-logging-jboss-logging/1.0.0.Final/commons-logging-jboss-logging-1.0.0.Final.jar:/Users/takehiko/.m2/repository/org/apache/camel/quarkus/camel-quarkus-support-commons-logging/2.16.0/camel-quarkus-support-commons-logging-2.16.0.jar:/Users/takehiko/.m2/repository/org/apache/httpcomponents/httpclient/4.5.14/httpclient-4.5.14.jar:/Users/takehiko/.m2/repository/org/apache/httpcomponents/httpcore/4.4.16/httpcore-4.4.16.jar:/Users/takehiko/.m2/repository/commons-codec/commons-codec/1.11/commons-codec-1.11.jar:/Users/takehiko/.m2/repository/org/apache/camel/camel-http/3.20.1/camel-http-3.20.1.jar:/Users/takehiko/.m2/repository/javax/annotation/javax.annotation-api/1.3.2/javax.annotation-api-1.3.2.jar:/Users/takehiko/.m2/repository/org/apache/camel/camel-support/3.20.2/camel-support-3.20.2.jar:/Users/takehiko/.m2/repository/org/slf4j/slf4j-api/2.0.6/slf4j-api-2.0.6.jar:/Users/takehiko/.m2/repository/org/slf4j/slf4j-nop/2.0.6/slf4j-nop-2.0.6.jar:/Users/takehiko/.m2/repository/org/slf4j/slf4j-simple/2.0.6/slf4j-simple-2.0.6.jar:/Users/takehiko/.m2/repository/com/fasterxml/jackson/core/jackson-core/2.14.2/jackson-core-2.14.2.jar:/Users/takehiko/.m2/repository/com/fasterxml/jackson/core/jackson-databind/2.14.2/jackson-databind-2.14.2.jar:/Users/takehiko/.m2/repository/com/fasterxml/jackson/core/jackson-annotations/2.14.2/jackson-annotations-2.14.2.jar:/Users/takehiko/.m2/repository/org/projectlombok/lombok/1.18.26/lombok-1.18.26.jar:"/>
    <property name="sun.cpu.endian" value="little"/>
    <property name="user.home" value="/Users/takehiko"/>
    <property name="user.language" value="ja"/>
    <property name="java.specification.vendor" value="Oracle Corporation"/>
    <property name="java.version.date" value="2023-01-17"/>
    <property name="java.home" value="/usr/local/Cellar/openjdk@11/11.0.18/libexec/openjdk.jdk/Contents/Home"/>
    <property name="file.separator" value="/"/>
    <property name="basedir" value="/Users/takehiko/git/camel_sample/camel_sample_camel"/>
    <property name="java.vm.compressedOopsMode" value="Zero based"/>
    <property name="line.separator" value="&#10;"/>
    <property name="java.specification.name" value="Java Platform API Specification"/>
    <property name="java.vm.specification.vendor" value="Oracle Corporation"/>
    <property name="java.awt.graphicsenv" value="sun.awt.CGraphicsEnvironment"/>
    <property name="surefire.real.class.path" value="/Users/takehiko/git/camel_sample/camel_sample_camel/target/surefire/surefirebooter-20230228183431579_3.jar"/>
    <property name="sun.management.compiler" value="HotSpot 64-Bit Tiered Compilers"/>
    <property name="ftp.nonProxyHosts" value="local|*.local|169.254/16|*.169.254/16"/>
    <property name="java.runtime.version" value="11.0.18+0"/>
    <property name="user.name" value="takehiko"/>
    <property name="path.separator" value=":"/>
    <property name="os.version" value="13.0.1"/>
    <property name="java.runtime.name" value="OpenJDK Runtime Environment"/>
    <property name="file.encoding" value="UTF-8"/>
    <property name="java.vm.name" value="OpenJDK 64-Bit Server VM"/>
    <property name="java.vendor.version" value="Homebrew"/>
    <property name="localRepository" value="/Users/takehiko/.m2/repository"/>
    <property name="java.vendor.url.bug" value="https://github.com/Homebrew/homebrew-core/issues"/>
    <property name="java.io.tmpdir" value="/var/folders/mc/00y245x53k76jwckwc4g5kj40000gn/T/"/>
    <property name="java.version" value="11.0.18"/>
    <property name="user.dir" value="/Users/takehiko/git/camel_sample/camel_sample_camel"/>
    <property name="os.arch" value="x86_64"/>
    <property name="java.vm.specification.name" value="Java Virtual Machine Specification"/>
    <property name="java.awt.printerjob" value="sun.lwawt.macosx.CPrinterJob"/>
    <property name="sun.os.patch.level" value="unknown"/>
    <property name="java.library.path" value="/Users/takehiko/Library/Java/Extensions:/Library/Java/Extensions:/Network/Library/Java/Extensions:/System/Library/Java/Extensions:/usr/lib/java:."/>
    <property name="java.vm.info" value="mixed mode"/>
    <property name="java.vendor" value="Homebrew"/>
    <property name="java.vm.version" value="11.0.18+0"/>
    <property name="sun.io.unicode.encoding" value="UnicodeBig"/>
    <property name="java.class.version" value="55.0"/>
    <property name="socksNonProxyHosts" value="local|*.local|169.254/16|*.169.254/16"/>
  </properties>
  <testcase name="testApp" classname="war.AppTest" time="0.027"/>
</testsuite>